C:\USERS\I110557\DOCUMENTS\VISUAL STUDIO 2012\PROJECTS\PL6_TANQUE\PL6_TANQUE\DEBUG\SOURCE.OBJ
C:\USERS\I110557\DOCUMENTS\VISUAL STUDIO 2012\PROJECTS\PL6_TANQUE\PL6_TANQUE\DEBUG\VC110.PDB
C:\USERS\I110557\DOCUMENTS\VISUAL STUDIO 2012\PROJECTS\PL6_TANQUE\DEBUG\PL6_TANQUE.ILK
C:\USERS\I110557\DOCUMENTS\VISUAL STUDIO 2012\PROJECTS\PL6_TANQUE\DEBUG\PL6_TANQUE.EXE
C:\USERS\I110557\DOCUMENTS\VISUAL STUDIO 2012\PROJECTS\PL6_TANQUE\DEBUG\PL6_TANQUE.PDB
C:\Users\i110557\Documents\Visual Studio 2012\Projects\PL6_tanque\PL6_tanque\Debug\Source.obj
C:\Users\i110557\Documents\Visual Studio 2012\Projects\PL6_tanque\PL6_tanque\Debug\cl.command.1.tlog
C:\Users\i110557\Documents\Visual Studio 2012\Projects\PL6_tanque\PL6_tanque\Debug\CL.read.1.tlog
C:\Users\i110557\Documents\Visual Studio 2012\Projects\PL6_tanque\PL6_tanque\Debug\CL.write.1.tlog
C:\Users\i110557\Documents\Visual Studio 2012\Projects\PL6_tanque\PL6_tanque\Debug\link-cvtres.read.1.tlog
C:\Users\i110557\Documents\Visual Studio 2012\Projects\PL6_tanque\PL6_tanque\Debug\link-cvtres.write.1.tlog
C:\Users\i110557\Documents\Visual Studio 2012\Projects\PL6_tanque\PL6_tanque\Debug\link-rc.read.1.tlog
C:\Users\i110557\Documents\Visual Studio 2012\Projects\PL6_tanque\PL6_tanque\Debug\link-rc.write.1.tlog
C:\Users\i110557\Documents\Visual Studio 2012\Projects\PL6_tanque\PL6_tanque\Debug\link.command.1.tlog
C:\Users\i110557\Documents\Visual Studio 2012\Projects\PL6_tanque\PL6_tanque\Debug\link.read.1.tlog
C:\Users\i110557\Documents\Visual Studio 2012\Projects\PL6_tanque\PL6_tanque\Debug\link.write.1.tlog
C:\Users\i110557\Documents\Visual Studio 2012\Projects\PL6_tanque\PL6_tanque\Debug\vc110.idb
C:\Users\i110557\Documents\Visual Studio 2012\Projects\PL6_tanque\PL6_tanque\Debug\vc110.pdb
C:\Users\i110557\Documents\Visual Studio 2012\Projects\PL6_tanque\Debug\PL6_tanque.pdb
C:\Users\i110557\Documents\Visual Studio 2012\Projects\PL6_tanque\Debug\PL6_tanque.exe
C:\Users\i110557\Documents\Visual Studio 2012\Projects\PL6_tanque\Debug\PL6_tanque.ilk
