C:\USERS\JOAO\DESKTOP\BIT-BY-BIT\VISUALIZACAO 3D\JOGO DO GALO\PL_CUBO\DEBUG\SOURCE.OBJ
C:\USERS\JOAO\DESKTOP\BIT-BY-BIT\VISUALIZACAO 3D\JOGO DO GALO\PL_CUBO\DEBUG\VC110.PDB
C:\USERS\JOAO\DESKTOP\DAS\JOGO DO GALO\PL_CUBO\DEBUG\SOURCE.OBJ
C:\USERS\JOAO\DESKTOP\DAS\JOGO DO GALO\PL_CUBO\DEBUG\VC110.PDB
C:\USERS\JOAO\DESKTOP\GLUT_ PICKING\LIGHT PANEL\LIGH_PANEL\DEBUG\SOURCE.OBJ
C:\USERS\JOAO\DESKTOP\GLUT_ PICKING\LIGHT PANEL\LIGH_PANEL\DEBUG\VC110.PDB
C:\USERS\JOAO\DESKTOP\BIT-BY-BIT\VISUALIZACAO 3D\JOGO DO GALO\DEBUG\PL_CUBO.ILK
C:\USERS\JOAO\DESKTOP\BIT-BY-BIT\VISUALIZACAO 3D\JOGO DO GALO\DEBUG\PL_CUBO.EXE
C:\USERS\JOAO\DESKTOP\BIT-BY-BIT\VISUALIZACAO 3D\JOGO DO GALO\DEBUG\PL_CUBO.PDB
C:\USERS\JOAO\DESKTOP\DAS\JOGO DO GALO\DEBUG\PL_CUBO.ILK
C:\USERS\JOAO\DESKTOP\DAS\JOGO DO GALO\DEBUG\PL_CUBO.EXE
C:\USERS\JOAO\DESKTOP\DAS\JOGO DO GALO\DEBUG\PL_CUBO.PDB
C:\USERS\JOAO\DESKTOP\GLUT_ PICKING\LIGHT PANEL\LIGH_PANEL\DEBUG\LIGH_PANEL.ILK
C:\USERS\JOAO\DESKTOP\GLUT_ PICKING\LIGHT PANEL\LIGH_PANEL\DEBUG\LIGH_PANEL.EXE
C:\USERS\JOAO\DESKTOP\GLUT_ PICKING\LIGHT PANEL\LIGH_PANEL\DEBUG\LIGH_PANEL.PDB
C:\Users\Joao\Desktop\GLUT_ Picking\Light Panel\Ligh_Panel\Debug\Source.obj
C:\Users\Joao\Desktop\GLUT_ Picking\Light Panel\Ligh_Panel\Debug\Ligh_Panel.ilk
C:\Users\Joao\Desktop\GLUT_ Picking\Light Panel\Ligh_Panel\Debug\cl.command.1.tlog
C:\Users\Joao\Desktop\GLUT_ Picking\Light Panel\Ligh_Panel\Debug\CL.read.1.tlog
C:\Users\Joao\Desktop\GLUT_ Picking\Light Panel\Ligh_Panel\Debug\CL.write.1.tlog
C:\Users\Joao\Desktop\GLUT_ Picking\Light Panel\Ligh_Panel\Debug\link-cvtres.read.1.tlog
C:\Users\Joao\Desktop\GLUT_ Picking\Light Panel\Ligh_Panel\Debug\link-cvtres.write.1.tlog
C:\Users\Joao\Desktop\GLUT_ Picking\Light Panel\Ligh_Panel\Debug\link-rc.read.1.tlog
C:\Users\Joao\Desktop\GLUT_ Picking\Light Panel\Ligh_Panel\Debug\link-rc.write.1.tlog
C:\Users\Joao\Desktop\GLUT_ Picking\Light Panel\Ligh_Panel\Debug\link.10768-cvtres.read.1.tlog
C:\Users\Joao\Desktop\GLUT_ Picking\Light Panel\Ligh_Panel\Debug\link.10768-cvtres.write.1.tlog
C:\Users\Joao\Desktop\GLUT_ Picking\Light Panel\Ligh_Panel\Debug\link.10768-rc.read.1.tlog
C:\Users\Joao\Desktop\GLUT_ Picking\Light Panel\Ligh_Panel\Debug\link.10768-rc.write.1.tlog
C:\Users\Joao\Desktop\GLUT_ Picking\Light Panel\Ligh_Panel\Debug\link.10768.read.1.tlog
C:\Users\Joao\Desktop\GLUT_ Picking\Light Panel\Ligh_Panel\Debug\link.10768.write.1.tlog
C:\Users\Joao\Desktop\GLUT_ Picking\Light Panel\Ligh_Panel\Debug\link.2560-cvtres.read.1.tlog
C:\Users\Joao\Desktop\GLUT_ Picking\Light Panel\Ligh_Panel\Debug\link.2560-cvtres.write.1.tlog
C:\Users\Joao\Desktop\GLUT_ Picking\Light Panel\Ligh_Panel\Debug\link.2560-rc.read.1.tlog
C:\Users\Joao\Desktop\GLUT_ Picking\Light Panel\Ligh_Panel\Debug\link.2560-rc.write.1.tlog
C:\Users\Joao\Desktop\GLUT_ Picking\Light Panel\Ligh_Panel\Debug\link.2560.read.1.tlog
C:\Users\Joao\Desktop\GLUT_ Picking\Light Panel\Ligh_Panel\Debug\link.2560.write.1.tlog
C:\Users\Joao\Desktop\GLUT_ Picking\Light Panel\Ligh_Panel\Debug\link.3448-cvtres.read.1.tlog
C:\Users\Joao\Desktop\GLUT_ Picking\Light Panel\Ligh_Panel\Debug\link.3448-cvtres.write.1.tlog
C:\Users\Joao\Desktop\GLUT_ Picking\Light Panel\Ligh_Panel\Debug\link.3448-rc.read.1.tlog
C:\Users\Joao\Desktop\GLUT_ Picking\Light Panel\Ligh_Panel\Debug\link.3448-rc.write.1.tlog
C:\Users\Joao\Desktop\GLUT_ Picking\Light Panel\Ligh_Panel\Debug\link.3448.read.1.tlog
C:\Users\Joao\Desktop\GLUT_ Picking\Light Panel\Ligh_Panel\Debug\link.3448.write.1.tlog
C:\Users\Joao\Desktop\GLUT_ Picking\Light Panel\Ligh_Panel\Debug\link.5060-cvtres.read.1.tlog
C:\Users\Joao\Desktop\GLUT_ Picking\Light Panel\Ligh_Panel\Debug\link.5060-cvtres.write.1.tlog
C:\Users\Joao\Desktop\GLUT_ Picking\Light Panel\Ligh_Panel\Debug\link.5060-rc.read.1.tlog
C:\Users\Joao\Desktop\GLUT_ Picking\Light Panel\Ligh_Panel\Debug\link.5060-rc.write.1.tlog
C:\Users\Joao\Desktop\GLUT_ Picking\Light Panel\Ligh_Panel\Debug\link.5060.read.1.tlog
C:\Users\Joao\Desktop\GLUT_ Picking\Light Panel\Ligh_Panel\Debug\link.5060.write.1.tlog
C:\Users\Joao\Desktop\GLUT_ Picking\Light Panel\Ligh_Panel\Debug\link.6268-cvtres.read.1.tlog
C:\Users\Joao\Desktop\GLUT_ Picking\Light Panel\Ligh_Panel\Debug\link.6268-cvtres.write.1.tlog
C:\Users\Joao\Desktop\GLUT_ Picking\Light Panel\Ligh_Panel\Debug\link.6268-rc.read.1.tlog
C:\Users\Joao\Desktop\GLUT_ Picking\Light Panel\Ligh_Panel\Debug\link.6268-rc.write.1.tlog
C:\Users\Joao\Desktop\GLUT_ Picking\Light Panel\Ligh_Panel\Debug\link.6268.read.1.tlog
C:\Users\Joao\Desktop\GLUT_ Picking\Light Panel\Ligh_Panel\Debug\link.6268.write.1.tlog
C:\Users\Joao\Desktop\GLUT_ Picking\Light Panel\Ligh_Panel\Debug\link.6680-cvtres.read.1.tlog
C:\Users\Joao\Desktop\GLUT_ Picking\Light Panel\Ligh_Panel\Debug\link.6680-cvtres.write.1.tlog
C:\Users\Joao\Desktop\GLUT_ Picking\Light Panel\Ligh_Panel\Debug\link.6680-rc.read.1.tlog
C:\Users\Joao\Desktop\GLUT_ Picking\Light Panel\Ligh_Panel\Debug\link.6680-rc.write.1.tlog
C:\Users\Joao\Desktop\GLUT_ Picking\Light Panel\Ligh_Panel\Debug\link.6680.read.1.tlog
C:\Users\Joao\Desktop\GLUT_ Picking\Light Panel\Ligh_Panel\Debug\link.6680.write.1.tlog
C:\Users\Joao\Desktop\GLUT_ Picking\Light Panel\Ligh_Panel\Debug\link.6968-cvtres.read.1.tlog
C:\Users\Joao\Desktop\GLUT_ Picking\Light Panel\Ligh_Panel\Debug\link.6968-cvtres.write.1.tlog
C:\Users\Joao\Desktop\GLUT_ Picking\Light Panel\Ligh_Panel\Debug\link.6968-rc.read.1.tlog
C:\Users\Joao\Desktop\GLUT_ Picking\Light Panel\Ligh_Panel\Debug\link.6968-rc.write.1.tlog
C:\Users\Joao\Desktop\GLUT_ Picking\Light Panel\Ligh_Panel\Debug\link.6968.read.1.tlog
C:\Users\Joao\Desktop\GLUT_ Picking\Light Panel\Ligh_Panel\Debug\link.6968.write.1.tlog
C:\Users\Joao\Desktop\GLUT_ Picking\Light Panel\Ligh_Panel\Debug\link.7432-cvtres.read.1.tlog
C:\Users\Joao\Desktop\GLUT_ Picking\Light Panel\Ligh_Panel\Debug\link.7432-cvtres.write.1.tlog
C:\Users\Joao\Desktop\GLUT_ Picking\Light Panel\Ligh_Panel\Debug\link.7432-rc.read.1.tlog
C:\Users\Joao\Desktop\GLUT_ Picking\Light Panel\Ligh_Panel\Debug\link.7432-rc.write.1.tlog
C:\Users\Joao\Desktop\GLUT_ Picking\Light Panel\Ligh_Panel\Debug\link.7432.read.1.tlog
C:\Users\Joao\Desktop\GLUT_ Picking\Light Panel\Ligh_Panel\Debug\link.7432.write.1.tlog
C:\Users\Joao\Desktop\GLUT_ Picking\Light Panel\Ligh_Panel\Debug\link.8020-cvtres.read.1.tlog
C:\Users\Joao\Desktop\GLUT_ Picking\Light Panel\Ligh_Panel\Debug\link.8020-cvtres.write.1.tlog
C:\Users\Joao\Desktop\GLUT_ Picking\Light Panel\Ligh_Panel\Debug\link.8020-rc.read.1.tlog
C:\Users\Joao\Desktop\GLUT_ Picking\Light Panel\Ligh_Panel\Debug\link.8020-rc.write.1.tlog
C:\Users\Joao\Desktop\GLUT_ Picking\Light Panel\Ligh_Panel\Debug\link.8020.read.1.tlog
C:\Users\Joao\Desktop\GLUT_ Picking\Light Panel\Ligh_Panel\Debug\link.8020.write.1.tlog
C:\Users\Joao\Desktop\GLUT_ Picking\Light Panel\Ligh_Panel\Debug\link.command.1.tlog
C:\Users\Joao\Desktop\GLUT_ Picking\Light Panel\Ligh_Panel\Debug\link.read.1.tlog
C:\Users\Joao\Desktop\GLUT_ Picking\Light Panel\Ligh_Panel\Debug\link.write.1.tlog
C:\Users\Joao\Desktop\GLUT_ Picking\Light Panel\Ligh_Panel\Debug\vc110.idb
C:\Users\Joao\Desktop\GLUT_ Picking\Light Panel\Ligh_Panel\Debug\Ligh_Panel.pdb
C:\Users\Joao\Desktop\GLUT_ Picking\Light Panel\Ligh_Panel\Debug\vc110.pdb
C:\Users\Joao\Desktop\GLUT_ Picking\Light Panel\Ligh_Panel\Debug\Ligh_Panel.exe
